<?xml version="1.0" encoding="UTF-8"?>
<testsuite xmlns:xsi="http://www.w3.org/2001/XMLSchema-instance" xsi:noNamespaceSchemaLocation="https://maven.apache.org/surefire/maven-surefire-plugin/xsd/surefire-test-report-3.0.xsd" version="3.0" name="trianglecheck.TestTriangleCheck" time="0.183" tests="32" errors="0" skipped="0" failures="0">
  <properties>
[...]
</properties>
  <testcase name="triangleCheckTestZero{int[]}[1]" classname="trianglecheck.TestTriangleCheck" time="0.035"/>
  <testcase name="triangleCheckTestZero{int[]}[2]" classname="trianglecheck.TestTriangleCheck" time="0"/>
  <testcase name="triangleCheckTestZero{int[]}[3]" classname="trianglecheck.TestTriangleCheck" time="0.001"/>
  <testcase name="triangleCheckTestNegativeNumber{int[]}[1]" classname="trianglecheck.TestTriangleCheck" time="0.001"/>
  <testcase name="triangleCheckTestNegativeNumber{int[]}[2]" classname="trianglecheck.TestTriangleCheck" time="0.001"/>
  <testcase name="triangleCheckTestNegativeNumber{int[]}[3]" classname="trianglecheck.TestTriangleCheck" time="0.001"/>
  <testcase name="triangleCheckTestIsosceles{int[]}[1]" classname="trianglecheck.TestTriangleCheck" time="0.003"/>
  <testcase name="triangleCheckTestIsosceles{int[]}[2]" classname="trianglecheck.TestTriangleCheck" time="0"/>
  <testcase name="triangleCheckTestIsosceles{int[]}[3]" classname="trianglecheck.TestTriangleCheck" time="0"/>
  <testcase name="triangleCheckTestRight{int[]}[1]" classname="trianglecheck.TestTriangleCheck" time="0.002"/>
  <testcase name="triangleCheckTestRight{int[]}[2]" classname="trianglecheck.TestTriangleCheck" time="0.001"/>
  <testcase name="triangleCheckTestRight{int[]}[3]" classname="trianglecheck.TestTriangleCheck" time="0"/>
  <testcase name="triangleCheckTestZeros{int[]}[1]" classname="trianglecheck.TestTriangleCheck" time="0"/>
  <testcase name="triangleCheckTestZeros{int[]}[2]" classname="trianglecheck.TestTriangleCheck" time="0"/>
  <testcase name="triangleCheckTestZeros{int[]}[3]" classname="trianglecheck.TestTriangleCheck" time="0"/>
  <testcase name="triangleCheckTestZeros{int[]}[4]" classname="trianglecheck.TestTriangleCheck" time="0.001"/>
  <testcase name="triangleCheckTestNegativeNumbers{int[]}[1]" classname="trianglecheck.TestTriangleCheck" time="0"/>
  <testcase name="triangleCheckTestNegativeNumbers{int[]}[2]" classname="trianglecheck.TestTriangleCheck" time="0"/>
  <testcase name="triangleCheckTestNegativeNumbers{int[]}[3]" classname="trianglecheck.TestTriangleCheck" time="0.001"/>
  <testcase name="triangleCheckTestNegativeNumbers{int[]}[4]" classname="trianglecheck.TestTriangleCheck" time="0"/>
  <testcase name="triangleCheckTestPositive{int[]}[1]" classname="trianglecheck.TestTriangleCheck" time="0"/>
  <testcase name="triangleCheckTestPositive{int[]}[2]" classname="trianglecheck.TestTriangleCheck" time="0.001"/>
  <testcase name="triangleCheckTestPositive{int[]}[3]" classname="trianglecheck.TestTriangleCheck" time="0"/>
  <testcase name="triangleCheckTestEquilateral{int[]}[1]" classname="trianglecheck.TestTriangleCheck" time="0.001"/>
  <testcase name="triangleCheckTestEquilateral{int[]}[2]" classname="trianglecheck.TestTriangleCheck" time="0"/>
  <testcase name="triangleCheckTestEquilateral{int[]}[3]" classname="trianglecheck.TestTriangleCheck" time="0.002"/>
  <testcase name="triangleCheckTestNegative{int[]}[1]" classname="trianglecheck.TestTriangleCheck" time="0.001"/>
  <testcase name="triangleCheckTestNegative{int[]}[2]" classname="trianglecheck.TestTriangleCheck" time="0.001"/>
  <testcase name="triangleCheckTestNegative{int[]}[3]" classname="trianglecheck.TestTriangleCheck" time="0"/>
  <testcase name="triangleCheckTestEquals{int[]}[1]" classname="trianglecheck.TestTriangleCheck" time="0.001"/>
  <testcase name="triangleCheckTestEquals{int[]}[2]" classname="trianglecheck.TestTriangleCheck" time="0.001"/>
  <testcase name="triangleCheckTestEquals{int[]}[3]" classname="trianglecheck.TestTriangleCheck" time="0"/>
</testsuite>